# JRE version: OpenJDK Runtime Environment Microsoft-9388422 (21.0.3+9) (build 21.0.3+9-LTS)
# Java VM: OpenJDK 64-Bit Server VM Microsoft-9388422 (21.0.3+9-LTS, mixed mode, sharing, tiered, compressed oops, compressed class ptrs, g1 gc, linux-amd64)
GC Precious Log:
 CardTable entry size: 512
 Card Set container configuration: InlinePtr #cards 4 size 8 Array Of Cards #cards 64 size 144 Howl #buckets 8 coarsen threshold 14745 Howl Bitmap #cards 2048 size 272 coarsen threshold 1843 Card regions per heap region 1 cards per card region 16384
 CPUs: 4 total, 4 available
 Memory: 15981M
 Large Page Support: Disabled
 NUMA Support: Disabled
 Compressed Oops: Enabled (Zero based)
 Heap Region Size: 8M
 Heap Min Capacity: 2G
 Heap Initial Capacity: 2G
 Heap Max Capacity: 10G
 Pre-touch: Disabled
 Parallel Workers: 4
 Concurrent Workers: 1
 Concurrent Refinement Workers: 4
 Periodic GC: Disabled
Heap:
 garbage-first heap   total 2441216K, used 1060922K [0x0000000580000000, 0x0000000800000000)
  region size 8192K, 115 young (942080K), 3 survivors (24576K)
 Metaspace       used 20326K, committed 20736K, reserved 1114112K
  class space    used 2174K, committed 2368K, reserved 1048576K
GC Heap History (14 events):
Event: 22.814 GC heap before
{Heap before GC invocations=0 (full 0):
 garbage-first heap   total 2105344K, used 140318K [0x0000000580000000, 0x0000000800000000)
  region size 8192K, 12 young (98304K), 0 survivors (0K)
 Metaspace       used 11493K, committed 11776K, reserved 1114112K
  class space    used 1187K, committed 1344K, reserved 1048576K
}
Event: 22.830 GC heap after
{Heap after GC invocations=1 (full 0):
 garbage-first heap   total 2105344K, used 23934K [0x0000000580000000, 0x0000000800000000)
  region size 8192K, 2 young (16384K), 2 survivors (16384K)
 Metaspace       used 11493K, committed 11776K, reserved 1114112K
  class space    used 1187K, committed 1344K, reserved 1048576K
}
Event: 37.121 GC heap before
{Heap before GC invocations=1 (full 0):
 garbage-first heap   total 2105344K, used 105854K [0x0000000580000000, 0x0000000800000000)
  region size 8192K, 12 young (98304K), 2 survivors (16384K)
 Metaspace       used 12314K, committed 12608K, reserved 1114112K
  class space    used 1264K, committed 1408K, reserved 1048576K
}
Event: 37.141 GC heap after
{Heap after GC invocations=2 (full 0):
 garbage-first heap   total 2105344K, used 52061K [0x0000000580000000, 0x0000000800000000)
  region size 8192K, 2 young (16384K), 2 survivors (16384K)
 Metaspace       used 12314K, committed 12608K, reserved 1114112K
  class space    used 1264K, committed 1408K, reserved 1048576K
}
Event: 37.430 GC heap before
{Heap before GC invocations=2 (full 0):
 garbage-first heap   total 2105344K, used 133981K [0x0000000580000000, 0x0000000800000000)
  region size 8192K, 12 young (98304K), 2 survivors (16384K)
 Metaspace       used 13390K, committed 13632K, reserved 1114112K
  class space    used 1366K, committed 1472K, reserved 1048576K
}
Event: 37.446 GC heap after
{Heap after GC invocations=3 (full 0):
 garbage-first heap   total 2105344K, used 66590K [0x0000000580000000, 0x0000000800000000)
  region size 8192K, 2 young (16384K), 2 survivors (16384K)
 Metaspace       used 13390K, committed 13632K, reserved 1114112K
  class space    used 1366K, committed 1472K, reserved 1048576K
}
Event: 37.774 GC heap before
{Heap before GC invocations=3 (full 0):
 garbage-first heap   total 2105344K, used 148510K [0x0000000580000000, 0x0000000800000000)
  region size 8192K, 12 young (98304K), 2 survivors (16384K)
 Metaspace       used 13528K, committed 13760K, reserved 1114112K
  class space    used 1366K, committed 1472K, reserved 1048576K
}
Event: 37.786 GC heap after
{Heap after GC invocations=4 (full 0):
 garbage-first heap   total 2105344K, used 85167K [0x0000000580000000, 0x0000000800000000)
  region size 8192K, 2 young (16384K), 2 survivors (16384K)
 Metaspace       used 13528K, committed 13760K, reserved 1114112K
  class space    used 1366K, committed 1472K, reserved 1048576K
}
Event: 38.033 GC heap before
{Heap before GC invocations=4 (full 0):
 garbage-first heap   total 2105344K, used 167087K [0x0000000580000000, 0x0000000800000000)
  region size 8192K, 12 young (98304K), 2 survivors (16384K)
 Metaspace       used 13560K, committed 13824K, reserved 1114112K
  class space    used 1366K, committed 1472K, reserved 1048576K
}
Event: 38.047 GC heap after
{Heap after GC invocations=5 (full 0):
 garbage-first heap   total 2105344K, used 95043K [0x0000000580000000, 0x0000000800000000)
  region size 8192K, 2 young (16384K), 2 survivors (16384K)
 Metaspace       used 13560K, committed 13824K, reserved 1114112K
  class space    used 1366K, committed 1472K, reserved 1048576K
}
Event: 38.297 GC heap before
{Heap before GC invocations=5 (full 0):
 garbage-first heap   total 2105344K, used 176963K [0x0000000580000000, 0x0000000800000000)
  region size 8192K, 12 young (98304K), 2 survivors (16384K)
 Metaspace       used 13578K, committed 13824K, reserved 1114112K
  class space    used 1366K, committed 1472K, reserved 1048576K
}
Event: 38.305 GC heap after
{Heap after GC invocations=6 (full 0):
 garbage-first heap   total 2105344K, used 97309K [0x0000000580000000, 0x0000000800000000)
  region size 8192K, 2 young (16384K), 2 survivors (16384K)
 Metaspace       used 13578K, committed 13824K, reserved 1114112K
  class space    used 1366K, committed 1472K, reserved 1048576K
}
Event: 38.825 GC heap before
{Heap before GC invocations=6 (full 0):
 garbage-first heap   total 2105344K, used 236573K [0x0000000580000000, 0x0000000800000000)
  region size 8192K, 19 young (155648K), 2 survivors (16384K)
 Metaspace       used 13587K, committed 13824K, reserved 1114112K
  class space    used 1366K, committed 1472K, reserved 1048576K
}
Event: 38.848 GC heap after
{Heap after GC invocations=7 (full 0):
 garbage-first heap   total 2441216K, used 110650K [0x0000000580000000, 0x0000000800000000)
  region size 8192K, 3 young (24576K), 3 survivors (24576K)
 Metaspace       used 13587K, committed 13824K, reserved 1114112K
  class space    used 1366K, committed 1472K, reserved 1048576K
}

